  test.cpp
C:\Users\msasd\OneDrive\Desktop\Vs Code\Semester 2\OOP Lab\Project1\Test\test.cpp(58,29): error C4430: missing type specifier - int assumed. Note: C++ does not support default-int
C:\Users\msasd\OneDrive\Desktop\Vs Code\Semester 2\OOP Lab\Project1\Test\test.cpp(58,1): error C2365: 'threeD_array': redefinition; previous definition was 'function'
C:\Users\msasd\OneDrive\Desktop\Vs Code\Semester 2\OOP Lab\Project1\Project1\Header.h(121): message : see declaration of 'threeD_array'
C:\Users\msasd\OneDrive\Desktop\Vs Code\Semester 2\OOP Lab\Project1\Test\test.cpp(59,1): fatal error C1004: unexpected end-of-file found
